d:\fast\sem 3\ds lab\ds_project\x64\debug\vc143.pdb
d:\fast\sem 3\ds lab\ds_project\x64\debug\.netframework,version=v4.7.2.assemblyattributes.obj
d:\fast\sem 3\ds lab\ds_project\x64\debug\main.obj
d:\fast\sem 3\ds lab\ds_project\x64\debug\ds_project.exe
d:\fast\sem 3\ds lab\ds_project\x64\debug\ds_project.pdb
d:\fast\sem 3\ds lab\ds_project\x64\debug\add_word.obj
d:\fast\sem 3\ds lab\ds_project\x64\debug\delete.obj
d:\fast\sem 3\ds lab\ds_project\x64\debug\dict_ui.obj
d:\fast\sem 3\ds lab\ds_project\x64\debug\home.obj
d:\fast\sem 3\ds lab\ds_project\x64\debug\update.obj
d:\fast\sem 3\ds lab\ds_project\x64\debug\ds_project.exe.metagen
d:\fast\sem 3\ds lab\ds_project\x64\debug\ds_project.tlog\cl.command.1.tlog
d:\fast\sem 3\ds lab\ds_project\x64\debug\ds_project.tlog\cl.items.tlog
d:\fast\sem 3\ds lab\ds_project\x64\debug\ds_project.tlog\cl.read.1.tlog
d:\fast\sem 3\ds lab\ds_project\x64\debug\ds_project.tlog\cl.write.1.tlog
d:\fast\sem 3\ds lab\ds_project\x64\debug\ds_project.tlog\link.command.1.tlog
d:\fast\sem 3\ds lab\ds_project\x64\debug\ds_project.tlog\link.read.1.tlog
d:\fast\sem 3\ds lab\ds_project\x64\debug\ds_project.tlog\link.write.1.tlog
d:\fast\sem 3\ds lab\ds_project\x64\debug\ds_project.tlog\metagen.read.1.tlog
d:\fast\sem 3\ds lab\ds_project\x64\debug\ds_project.tlog\metagen.write.1.tlog
d:\fast\sem 3\ds lab\ds_project\x64\debug\ds_project.tlog\resgen.command.1.tlog
d:\fast\sem 3\ds lab\ds_project\x64\debug\ds_project.tlog\resgen.read.1.tlog
d:\fast\sem 3\ds lab\ds_project\x64\debug\ds_project.tlog\resgen.write.1.tlog
